app/build/intermediates/manifest_merge_blame_file/debug/manifest-merger-blame-debug-report.txt
1<?xml version="1.0" encoding="utf-8"?>
2<!--
3 Copyright (c) 2010-2011, The MiCode Open Source Community (www.micode.net)
4
5     Licensed under the Apache License, Version 2.0 (the "License");
6     you may not use this file except in compliance with the License.
7     You may obtain a copy of the License at
8
9          http://www.apache.org/licenses/LICENSE-2.0
10
11     Unless required by applicable law or agreed to in writing, software
12     distributed under the License is distributed on an "AS IS" BASIS,
13     WITHOUT WARRANTIES OR CONDITIONS OF ANY KIND, either express or implied.
14     See the License for the specific language governing permissions and
15     limitations under the License.
16-->
17<manifest xmlns:android="http://schemas.android.com/apk/res/android"
18    package="net.micode.notes"
19    android:versionCode="1"
20    android:versionName="0.1" >
21
22    <uses-sdk
22-->MiNote\Xiaomi\AndroidManifest.xml:23:5-44
23        android:minSdkVersion="14"
23-->MiNote\Xiaomi\AndroidManifest.xml:23:15-41
24        android:targetSdkVersion="22" />
25
26    <uses-permission android:name="android.permission.WRITE_EXTERNAL_STORAGE" />
26-->MiNote\Xiaomi\AndroidManifest.xml:25:5-81
26-->MiNote\Xiaomi\AndroidManifest.xml:25:22-78
27    <uses-permission android:name="com.android.launcher.permission.INSTALL_SHORTCUT" />
27-->MiNote\Xiaomi\AndroidManifest.xml:26:5-88
27-->MiNote\Xiaomi\AndroidManifest.xml:26:22-85
28    <uses-permission android:name="android.permission.INTERNET" />
28-->MiNote\Xiaomi\AndroidManifest.xml:27:5-67
28-->MiNote\Xiaomi\AndroidManifest.xml:27:22-64
29    <uses-permission android:name="android.permission.READ_CONTACTS" />
29-->MiNote\Xiaomi\AndroidManifest.xml:28:5-72
29-->MiNote\Xiaomi\AndroidManifest.xml:28:22-69
30    <uses-permission android:name="android.permission.MANAGE_ACCOUNTS" />
30-->MiNote\Xiaomi\AndroidManifest.xml:29:5-74
30-->MiNote\Xiaomi\AndroidManifest.xml:29:22-71
31    <uses-permission android:name="android.permission.AUTHENTICATE_ACCOUNTS" />
31-->MiNote\Xiaomi\AndroidManifest.xml:30:5-80
31-->MiNote\Xiaomi\AndroidManifest.xml:30:22-77
32    <uses-permission android:name="android.permission.GET_ACCOUNTS" />
32-->MiNote\Xiaomi\AndroidManifest.xml:31:5-71
32-->MiNote\Xiaomi\AndroidManifest.xml:31:22-68
33    <uses-permission android:name="android.permission.USE_CREDENTIALS" />
33-->MiNote\Xiaomi\AndroidManifest.xml:32:5-74
33-->MiNote\Xiaomi\AndroidManifest.xml:32:22-71
34    <uses-permission android:name="android.permission.RECEIVE_BOOT_COMPLETED" />
34-->MiNote\Xiaomi\AndroidManifest.xml:33:5-81
34-->MiNote\Xiaomi\AndroidManifest.xml:33:22-78
35
36    <application
36-->MiNote\Xiaomi\AndroidManifest.xml:35:5-153:19
37        android:debuggable="true"
38        android:extractNativeLibs="true"
39        android:icon="@drawable/icon_app"
39-->MiNote\Xiaomi\AndroidManifest.xml:36:9-42
40        android:label="@string/app_name"
40-->MiNote\Xiaomi\AndroidManifest.xml:37:9-41
41        android:testOnly="true" >
42        <activity
42-->MiNote\Xiaomi\AndroidManifest.xml:38:9-52:20
43            android:name="net.micode.notes.ui.NotesListActivity"
43-->MiNote\Xiaomi\AndroidManifest.xml:39:13-49
44            android:configChanges="keyboardHidden|orientation|screenSize"
44-->MiNote\Xiaomi\AndroidManifest.xml:40:13-74
45            android:exported="true"
45-->MiNote\Xiaomi\AndroidManifest.xml:46:13-36
46            android:label="@string/app_name"
46-->MiNote\Xiaomi\AndroidManifest.xml:41:13-45
47            android:launchMode="singleTop"
47-->MiNote\Xiaomi\AndroidManifest.xml:42:13-43
48            android:theme="@style/NoteTheme"
48-->MiNote\Xiaomi\AndroidManifest.xml:43:13-45
49            android:uiOptions="splitActionBarWhenNarrow"
49-->MiNote\Xiaomi\AndroidManifest.xml:44:13-57
50            android:windowSoftInputMode="adjustPan" >
50-->MiNote\Xiaomi\AndroidManifest.xml:45:13-52
51            <intent-filter>
51-->MiNote\Xiaomi\AndroidManifest.xml:48:13-51:29
52                <action android:name="android.intent.action.MAIN" />
52-->MiNote\Xiaomi\AndroidManifest.xml:49:17-69
52-->MiNote\Xiaomi\AndroidManifest.xml:49:25-66
53
54                <category android:name="android.intent.category.LAUNCHER" />
54-->MiNote\Xiaomi\AndroidManifest.xml:50:17-77
54-->MiNote\Xiaomi\AndroidManifest.xml:50:27-74
55            </intent-filter>
56        </activity>
57        <activity
57-->MiNote\Xiaomi\AndroidManifest.xml:54:9-83:20
58            android:name="net.micode.notes.ui.NoteEditActivity"
58-->MiNote\Xiaomi\AndroidManifest.xml:55:13-48
59            android:configChanges="keyboardHidden|orientation|screenSize"
59-->MiNote\Xiaomi\AndroidManifest.xml:56:13-74
60            android:exported="true"
60-->MiNote\Xiaomi\AndroidManifest.xml:59:13-36
61            android:launchMode="singleTop"
61-->MiNote\Xiaomi\AndroidManifest.xml:57:13-43
62            android:theme="@style/NoteTheme" >
62-->MiNote\Xiaomi\AndroidManifest.xml:58:13-45
63            <intent-filter>
63-->MiNote\Xiaomi\AndroidManifest.xml:61:13-66:29
64                <action android:name="android.intent.action.VIEW" />
64-->MiNote\Xiaomi\AndroidManifest.xml:62:17-69
64-->MiNote\Xiaomi\AndroidManifest.xml:62:25-66
65
66                <category android:name="android.intent.category.DEFAULT" />
66-->MiNote\Xiaomi\AndroidManifest.xml:63:17-76
66-->MiNote\Xiaomi\AndroidManifest.xml:63:27-73
67
68                <data android:mimeType="vnd.android.cursor.item/text_note" />
68-->MiNote\Xiaomi\AndroidManifest.xml:64:17-78
68-->MiNote\Xiaomi\AndroidManifest.xml:64:23-75
69                <data android:mimeType="vnd.android.cursor.item/call_note" />
69-->MiNote\Xiaomi\AndroidManifest.xml:64:17-78
69-->MiNote\Xiaomi\AndroidManifest.xml:64:23-75
70            </intent-filter>
71            <intent-filter>
71-->MiNote\Xiaomi\AndroidManifest.xml:68:13-73:29
72                <action android:name="android.intent.action.INSERT_OR_EDIT" />
72-->MiNote\Xiaomi\AndroidManifest.xml:69:17-79
72-->MiNote\Xiaomi\AndroidManifest.xml:69:25-76
73
74                <category android:name="android.intent.category.DEFAULT" />
74-->MiNote\Xiaomi\AndroidManifest.xml:63:17-76
74-->MiNote\Xiaomi\AndroidManifest.xml:63:27-73
75
76                <data android:mimeType="vnd.android.cursor.item/text_note" />
76-->MiNote\Xiaomi\AndroidManifest.xml:64:17-78
76-->MiNote\Xiaomi\AndroidManifest.xml:64:23-75
77                <data android:mimeType="vnd.android.cursor.item/call_note" />
77-->MiNote\Xiaomi\AndroidManifest.xml:64:17-78
77-->MiNote\Xiaomi\AndroidManifest.xml:64:23-75
78            </intent-filter>
79            <intent-filter>
79-->MiNote\Xiaomi\AndroidManifest.xml:75:13-78:29
80                <action android:name="android.intent.action.SEARCH" />
80-->MiNote\Xiaomi\AndroidManifest.xml:76:17-71
80-->MiNote\Xiaomi\AndroidManifest.xml:76:25-68
81
82                <category android:name="android.intent.category.DEFAULT" />
82-->MiNote\Xiaomi\AndroidManifest.xml:63:17-76
82-->MiNote\Xiaomi\AndroidManifest.xml:63:27-73
83            </intent-filter>
84
85            <meta-data
85-->MiNote\Xiaomi\AndroidManifest.xml:80:13-82:54
86                android:name="android.app.searchable"
86-->MiNote\Xiaomi\AndroidManifest.xml:81:17-54
87                android:resource="@xml/searchable" />
87-->MiNote\Xiaomi\AndroidManifest.xml:82:17-51
88        </activity>
89
90        <provider
90-->MiNote\Xiaomi\AndroidManifest.xml:85:9-88:43
91            android:name="net.micode.notes.data.NotesProvider"
91-->MiNote\Xiaomi\AndroidManifest.xml:86:13-63
92            android:authorities="micode_notes"
92-->MiNote\Xiaomi\AndroidManifest.xml:87:13-47
93            android:multiprocess="true" />
93-->MiNote\Xiaomi\AndroidManifest.xml:88:13-40
94
95        <receiver
95-->MiNote\Xiaomi\AndroidManifest.xml:90:9-103:20
96            android:name="net.micode.notes.widget.NoteWidgetProvider_2x"
96-->MiNote\Xiaomi\AndroidManifest.xml:91:13-57
97            android:exported="true"
97-->MiNote\Xiaomi\AndroidManifest.xml:93:13-36
98            android:label="@string/app_widget2x2" >
98-->MiNote\Xiaomi\AndroidManifest.xml:92:13-50
99            <intent-filter>
99-->MiNote\Xiaomi\AndroidManifest.xml:94:13-98:29
100                <action android:name="android.appwidget.action.APPWIDGET_UPDATE" />
100-->MiNote\Xiaomi\AndroidManifest.xml:95:17-84
100-->MiNote\Xiaomi\AndroidManifest.xml:95:25-81
101                <action android:name="android.appwidget.action.APPWIDGET_DELETED" />
101-->MiNote\Xiaomi\AndroidManifest.xml:96:17-85
101-->MiNote\Xiaomi\AndroidManifest.xml:96:25-82
102                <action android:name="android.intent.action.PRIVACY_MODE_CHANGED" />
102-->MiNote\Xiaomi\AndroidManifest.xml:97:17-85
102-->MiNote\Xiaomi\AndroidManifest.xml:97:25-82
103            </intent-filter>
104
105            <meta-data
105-->MiNote\Xiaomi\AndroidManifest.xml:100:13-102:58
106                android:name="android.appwidget.provider"
106-->MiNote\Xiaomi\AndroidManifest.xml:101:17-58
107                android:resource="@xml/widget_2x_info" />
107-->MiNote\Xiaomi\AndroidManifest.xml:102:17-55
108        </receiver>
109        <receiver
109-->MiNote\Xiaomi\AndroidManifest.xml:104:9-118:20
110            android:name="net.micode.notes.widget.NoteWidgetProvider_4x"
110-->MiNote\Xiaomi\AndroidManifest.xml:105:13-57
111            android:exported="true"
111-->MiNote\Xiaomi\AndroidManifest.xml:107:13-36
112            android:label="@string/app_widget4x4" >
112-->MiNote\Xiaomi\AndroidManifest.xml:106:13-50
113            <intent-filter>
113-->MiNote\Xiaomi\AndroidManifest.xml:94:13-98:29
114                <action android:name="android.appwidget.action.APPWIDGET_UPDATE" />
114-->MiNote\Xiaomi\AndroidManifest.xml:95:17-84
114-->MiNote\Xiaomi\AndroidManifest.xml:95:25-81
115                <action android:name="android.appwidget.action.APPWIDGET_DELETED" />
115-->MiNote\Xiaomi\AndroidManifest.xml:96:17-85
115-->MiNote\Xiaomi\AndroidManifest.xml:96:25-82
116                <action android:name="android.intent.action.PRIVACY_MODE_CHANGED" />
116-->MiNote\Xiaomi\AndroidManifest.xml:97:17-85
116-->MiNote\Xiaomi\AndroidManifest.xml:97:25-82
117            </intent-filter>
118
119            <meta-data
119-->MiNote\Xiaomi\AndroidManifest.xml:100:13-102:58
120                android:name="android.appwidget.provider"
120-->MiNote\Xiaomi\AndroidManifest.xml:101:17-58
121                android:resource="@xml/widget_4x_info" />
121-->MiNote\Xiaomi\AndroidManifest.xml:102:17-55
122        </receiver>
123        <receiver
123-->MiNote\Xiaomi\AndroidManifest.xml:120:9-124:20
124            android:name="net.micode.notes.ui.AlarmInitReceiver"
124-->MiNote\Xiaomi\AndroidManifest.xml:120:19-55
125            android:exported="true" >
125-->MiNote\Xiaomi\AndroidManifest.xml:120:56-79
126            <intent-filter>
126-->MiNote\Xiaomi\AndroidManifest.xml:121:13-123:29
127                <action android:name="android.intent.action.BOOT_COMPLETED" />
127-->MiNote\Xiaomi\AndroidManifest.xml:122:17-79
127-->MiNote\Xiaomi\AndroidManifest.xml:122:25-76
128            </intent-filter>
129        </receiver>
130        <receiver
130-->MiNote\Xiaomi\AndroidManifest.xml:126:9-129:20
131            android:name="net.micode.notes.ui.AlarmReceiver"
131-->MiNote\Xiaomi\AndroidManifest.xml:127:13-61
132            android:process=":remote" >
132-->MiNote\Xiaomi\AndroidManifest.xml:128:13-38
133        </receiver>
134
135        <activity
135-->MiNote\Xiaomi\AndroidManifest.xml:131:9-136:20
136            android:name="net.micode.notes.ui.AlarmAlertActivity"
136-->MiNote\Xiaomi\AndroidManifest.xml:132:13-50
137            android:label="@string/app_name"
137-->MiNote\Xiaomi\AndroidManifest.xml:133:13-45
138            android:launchMode="singleInstance"
138-->MiNote\Xiaomi\AndroidManifest.xml:134:13-48
139            android:theme="@android:style/Theme.Holo.Wallpaper.NoTitleBar" >
139-->MiNote\Xiaomi\AndroidManifest.xml:135:13-75
140        </activity>
141        <activity
141-->MiNote\Xiaomi\AndroidManifest.xml:138:9-143:20
142            android:name="net.micode.notes.ui.NotesPreferenceActivity"
142-->MiNote\Xiaomi\AndroidManifest.xml:139:13-71
143            android:label="@string/preferences_title"
143-->MiNote\Xiaomi\AndroidManifest.xml:140:13-54
144            android:launchMode="singleTop"
144-->MiNote\Xiaomi\AndroidManifest.xml:141:13-43
145            android:theme="@android:style/Theme.Holo.Light" >
145-->MiNote\Xiaomi\AndroidManifest.xml:142:13-60
146        </activity>
147
148        <service
148-->MiNote\Xiaomi\AndroidManifest.xml:145:9-148:19
149            android:name="net.micode.notes.gtask.remote.GTaskSyncService"
149-->MiNote\Xiaomi\AndroidManifest.xml:146:13-74
150            android:exported="false" >
150-->MiNote\Xiaomi\AndroidManifest.xml:147:13-37
151        </service>
152
153        <meta-data
153-->MiNote\Xiaomi\AndroidManifest.xml:150:9-152:52
154            android:name="android.app.default_searchable"
154-->MiNote\Xiaomi\AndroidManifest.xml:151:13-58
155            android:value=".ui.NoteEditActivity" />
155-->MiNote\Xiaomi\AndroidManifest.xml:152:13-49
156    </application>
157
158</manifest>